<?xml version="1.0" encoding="UTF-8"?>
<Site BuildName="(empty)"
	BuildStamp="20240418-2324-Experimental"
	Name="(empty)"
	Generator="ctest-3.29.0"
	CompilerName=""
	CompilerVersion=""
	OSName="Windows"
	Hostname="DESKTOP-N9N0BK6"
	OSRelease=" Professional"
	OSVersion=" (Build 19045)"
	OSPlatform="AMD64"
	Is64Bits="1"
	VendorString="GenuineIntel"
	VendorID="Intel Corporation"
	FamilyID="6"
	ModelID="14"
	ProcessorCacheSize="-1"
	NumberOfLogicalCPU="4"
	NumberOfPhysicalCPU="2"
	TotalVirtualMemory="12691"
	TotalPhysicalMemory="8083"
	LogicalProcessorsPerPhysical="2"
	ProcessorClockFrequency="2591"
	>
	<Testing>
		<StartDateTime>Apr 19 01:24 W. Europe Daylight Time</StartDateTime>
		<StartTestTime>1713482662</StartTestTime>
		<TestList/>
		<EndDateTime>Apr 19 01:24 W. Europe Daylight Time</EndDateTime>
		<EndTestTime>1713482662</EndTestTime>
		<ElapsedMinutes>0</ElapsedMinutes>
	</Testing>
</Site>
