<?xml version="1.0" encoding="UTF-8"?>
<Site BuildName="(empty)"
	BuildStamp="20240330-0034-Experimental"
	Name="(empty)"
	Generator="ctest-3.29.0"
	CompilerName=""
	CompilerVersion=""
	OSName="Windows"
	Hostname="DESKTOP-N9N0BK6"
	OSRelease=" Professional"
	OSVersion=" (Build 19045)"
	OSPlatform="AMD64"
	Is64Bits="1"
	VendorString="GenuineIntel"
	VendorID="Intel Corporation"
	FamilyID="6"
	ModelID="14"
	ProcessorCacheSize="-1"
	NumberOfLogicalCPU="4"
	NumberOfPhysicalCPU="2"
	TotalVirtualMemory="13575"
	TotalPhysicalMemory="8083"
	LogicalProcessorsPerPhysical="2"
	ProcessorClockFrequency="2592"
	>
	<Testing>
		<StartDateTime>Mar 30 02:49 W. Europe Standard Time</StartDateTime>
		<StartTestTime>1711763364</StartTestTime>
		<TestList/>
		<EndDateTime>Mar 30 02:49 W. Europe Standard Time</EndDateTime>
		<EndTestTime>1711763364</EndTestTime>
		<ElapsedMinutes>0</ElapsedMinutes>
	</Testing>
</Site>
